Build started 12/11/2017 10:45:25 AM.
     1>Project "C:\Users\mkhadatare\Documents\Visual Studio 2013\Projects\CPP_ImageProcessing\CPP_ImageProcessing\CPP_ImageProcessing.vcxproj" on node 2 (Rebuild target(s)).
     1>ClCompile:
         C:\Program Files (x86)\Microsoft Visual Studio 12.0\VC\bin\CL.exe /c /ZI /nologo /W3 /WX- /sdl /Od /Oy- /D _MBCS /D _MBCS /D _CRT_SECURE_NO_WARNINGS /Gm /EHsc /RTC1 /MDd /GS /fp:precise /Zc:wchar_t /Zc:forScope /Fo"Debug\\" /Fd"Debug\vc120.pdb" /Gd /TP /analyze- /errorReport:prompt ImageProcess.cpp Main.cpp
         Main.cpp
     1>c:\users\mkhadatare\documents\visual studio 2013\projects\cpp_imageprocessing\cpp_imageprocessing\main.cpp(126): warning C4305: 'initializing' : truncation from 'double' to 'const float'
     1>c:\users\mkhadatare\documents\visual studio 2013\projects\cpp_imageprocessing\cpp_imageprocessing\main.cpp(129): warning C4244: 'initializing' : conversion from 'const float' to 'const unsigned int', possible loss of data
     1>c:\users\mkhadatare\documents\visual studio 2013\projects\cpp_imageprocessing\cpp_imageprocessing\main.cpp(130): warning C4244: 'initializing' : conversion from 'const float' to 'const unsigned int', possible loss of data
     1>c:\users\mkhadatare\documents\visual studio 2013\projects\cpp_imageprocessing\cpp_imageprocessing\main.cpp(148): warning C4244: 'initializing' : conversion from 'double' to 'const float', possible loss of data
     1>c:\users\mkhadatare\documents\visual studio 2013\projects\cpp_imageprocessing\cpp_imageprocessing\main.cpp(151): warning C4244: 'initializing' : conversion from 'const float' to 'const int', possible loss of data
     1>c:\users\mkhadatare\documents\visual studio 2013\projects\cpp_imageprocessing\cpp_imageprocessing\main.cpp(171): warning C4244: '=' : conversion from 'float' to 'unsigned char', possible loss of data
     1>c:\users\mkhadatare\documents\visual studio 2013\projects\cpp_imageprocessing\cpp_imageprocessing\main.cpp(226): warning C4018: '>' : signed/unsigned mismatch
         ImageProcess.cpp
     1>c:\users\mkhadatare\documents\visual studio 2013\projects\cpp_imageprocessing\cpp_imageprocessing\imageprocess.cpp(269): warning C4244: 'initializing' : conversion from 'double' to 'float', possible loss of data
         Generating Code...
       Link:
         C:\Program Files (x86)\Microsoft Visual Studio 12.0\VC\bin\link.exe /ERRORREPORT:PROMPT /OUT:"C:\Users\mkhadatare\Documents\Visual Studio 2013\Projects\CPP_ImageProcessing\Debug\CPP_ImageProcessing.exe" /INCREMENTAL /NOLOGO kernel32.lib user32.lib gdi32.lib winspool.lib comdlg32.lib advapi32.lib shell32.lib ole32.lib oleaut32.lib uuid.lib odbc32.lib odbccp32.lib /MANIFEST /MANIFESTUAC:"level='asInvoker' uiAccess='false'" /manifest:embed /DEBUG /PDB:"C:\Users\mkhadatare\Documents\Visual Studio 2013\Projects\CPP_ImageProcessing\Debug\CPP_ImageProcessing.pdb" /TLBID:1 /DYNAMICBASE /NXCOMPAT /IMPLIB:"C:\Users\mkhadatare\Documents\Visual Studio 2013\Projects\CPP_ImageProcessing\Debug\CPP_ImageProcessing.lib" /MACHINE:X86 Debug\ImageProcess.obj
         Debug\Main.obj
         CPP_ImageProcessing.vcxproj -> C:\Users\mkhadatare\Documents\Visual Studio 2013\Projects\CPP_ImageProcessing\Debug\CPP_ImageProcessing.exe
     1>Done Building Project "C:\Users\mkhadatare\Documents\Visual Studio 2013\Projects\CPP_ImageProcessing\CPP_ImageProcessing\CPP_ImageProcessing.vcxproj" (Rebuild target(s)).

Build succeeded.

Time Elapsed 00:00:02.87
